<?xml version="1.0" encoding="UTF-8"?>
<!-- Generated by org.testng.reporters.JUnitXMLReporter -->
<testsuite hostname="MPL-11S7LQ2" ignored="2" name="Test" tests="2" failures="0" timestamp="03 Jun 2019 10:49:08 GMT" time="16.173" errors="0">
  <testcase name="loginTest" time="10.824" classname="com.magic.web.tests.LoginTest"/>
  <testcase name="searchHotelTest" time="5.331" classname="com.magic.web.tests.HotelBookingTest"/>
  <testcase name="@AfterSuite generateReport" time="0.0" classname="com.magic.web.TestBase">
    <ignored/>
  </testcase> <!-- @AfterSuite generateReport -->
  <testcase name="@BeforeSuite beforeSuite" time="0.0" classname="com.magic.web.TestBase">
    <ignored/>
  </testcase> <!-- @BeforeSuite beforeSuite -->
</testsuite> <!-- Test -->
