<?xml version="1.0" encoding="UTF-8"?>
<!-- Generated by org.testng.reporters.JUnitXMLReporter -->
<testsuite hostname="MPL-5CZD1N2" ignored="2" name="Command line test" tests="1" failures="0" timestamp="22 Nov 2018 09:10:07 GMT" time="14.73" errors="0">
  <testcase name="loginTest" time="14.708" classname="com.magic.apexwebQA.web.tests.LoginTest"/>
  <testcase name="@BeforeSuite beforeSuite" time="0.0" classname="com.magic.apexwebQA.web.AbstractWebTest">
    <ignored/>
  </testcase> <!-- @BeforeSuite beforeSuite -->
  <testcase name="@AfterSuite generateReport" time="0.0" classname="com.magic.apexwebQA.web.AbstractWebTest">
    <ignored/>
  </testcase> <!-- @AfterSuite generateReport -->
</testsuite> <!-- Command line test -->
