<?xml version="1.0" encoding="UTF-8"?>
<testng-results skipped="0" failed="0" ignored="2" total="4" passed="2">
  <reporter-output>
  </reporter-output>
  <suite name="Suite" duration-ms="16569" started-at="2019-06-04T06:27:05Z" finished-at="2019-06-04T06:27:21Z">
    <groups>
    </groups>
    <test name="Test" duration-ms="16569" started-at="2019-06-04T06:27:05Z" finished-at="2019-06-04T06:27:21Z">
      <class name="com.magic.web.tests.LoginTest">
        <test-method status="PASS" signature="beforeSuite()[pri:0, instance:com.magic.web.tests.LoginTest@13c78c0b]" name="beforeSuite" is-config="true" duration-ms="5238" started-at="2019-06-04T06:26:59Z" finished-at="2019-06-04T06:27:05Z">
          <reporter-output>
          </reporter-output>
        </test-method> <!-- beforeSuite -->
        <test-method status="PASS" signature="loginTest()[pri:0, instance:com.magic.web.tests.LoginTest@13c78c0b]" name="loginTest" duration-ms="10838" started-at="2019-06-04T06:27:05Z" finished-at="2019-06-04T06:27:15Z">
          <reporter-output>
          </reporter-output>
        </test-method> <!-- loginTest -->
        <test-method status="PASS" signature="afterMethod(org.testng.ITestResult)[pri:0, instance:com.magic.web.tests.LoginTest@13c78c0b]" name="afterMethod" is-config="true" duration-ms="4" started-at="2019-06-04T06:27:15Z" finished-at="2019-06-04T06:27:15Z">
          <params>
            <param index="0">
              <value>
                <![CDATA[[TestResult name=loginTest status=SUCCESS method=LoginTest.loginTest()[pri:0, instance:com.magic.web.tests.LoginTest@13c78c0b] output={null}]]]>
              </value>
            </param>
          </params>
          <reporter-output>
          </reporter-output>
        </test-method> <!-- afterMethod -->
        <test-method status="PASS" signature="generateReport()[pri:0, instance:com.magic.web.tests.LoginTest@13c78c0b]" name="generateReport" is-config="true" duration-ms="5795" started-at="2019-06-04T06:27:21Z" finished-at="2019-06-04T06:27:27Z">
          <reporter-output>
          </reporter-output>
        </test-method> <!-- generateReport -->
      </class> <!-- com.magic.web.tests.LoginTest -->
      <class name="com.magic.web.tests.HotelBookingTest">
        <test-method status="PASS" signature="searchHotelTest()[pri:1, instance:com.magic.web.tests.HotelBookingTest@12843fce]" name="searchHotelTest" duration-ms="5711" started-at="2019-06-04T06:27:15Z" finished-at="2019-06-04T06:27:21Z">
          <reporter-output>
          </reporter-output>
        </test-method> <!-- searchHotelTest -->
        <test-method status="PASS" signature="afterMethod(org.testng.ITestResult)[pri:0, instance:com.magic.web.tests.HotelBookingTest@12843fce]" name="afterMethod" is-config="true" duration-ms="0" started-at="2019-06-04T06:27:21Z" finished-at="2019-06-04T06:27:21Z">
          <params>
            <param index="0">
              <value>
                <![CDATA[[TestResult name=searchHotelTest status=SUCCESS method=HotelBookingTest.searchHotelTest()[pri:1, instance:com.magic.web.tests.HotelBookingTest@12843fce] output={null}]]]>
              </value>
            </param>
          </params>
          <reporter-output>
          </reporter-output>
        </test-method> <!-- afterMethod -->
      </class> <!-- com.magic.web.tests.HotelBookingTest -->
    </test> <!-- Test -->
  </suite> <!-- Suite -->
</testng-results>
