-------------------------------------------------------------------------------
Test set: TestSuite
-------------------------------------------------------------------------------
Tests run: 6, Failures: 1, Errors: 0, Skipped: 5, Time elapsed: 0.446 s <<< FAILURE! - in TestSuite
beforeSuite(com.magic.web.tests.LoginTest)  Time elapsed: 0.349 s  <<< FAILURE!
java.lang.IllegalArgumentException: FailedTestsScreenshots does not exist

