<?xml version="1.0" encoding="UTF-8"?>
<testng-results skipped="0" failed="0" total="2" passed="2">
  <reporter-output>
  </reporter-output>
  <suite name="Suite" duration-ms="16797" started-at="2019-06-04T08:05:06Z" finished-at="2019-06-04T08:05:23Z">
    <groups>
    </groups>
    <test name="Test" duration-ms="16797" started-at="2019-06-04T08:05:06Z" finished-at="2019-06-04T08:05:23Z">
      <class name="com.magic.web.tests.LoginTest">
        <test-method status="PASS" signature="beforeSuite()[pri:0, instance:com.magic.web.tests.LoginTest@6d4b1c02]" name="beforeSuite" is-config="true" duration-ms="5537" started-at="2019-06-04T13:35:00Z" finished-at="2019-06-04T13:35:06Z">
          <reporter-output>
          </reporter-output>
        </test-method> <!-- beforeSuite -->
        <test-method status="PASS" signature="loginTest()[pri:0, instance:com.magic.web.tests.LoginTest@6d4b1c02]" name="loginTest" duration-ms="10929" started-at="2019-06-04T13:35:06Z" finished-at="2019-06-04T13:35:17Z">
          <reporter-output>
          </reporter-output>
        </test-method> <!-- loginTest -->
        <test-method status="PASS" signature="afterMethod(org.testng.ITestResult)[pri:0, instance:com.magic.web.tests.LoginTest@6d4b1c02]" name="afterMethod" is-config="true" duration-ms="4" started-at="2019-06-04T13:35:17Z" finished-at="2019-06-04T13:35:17Z">
          <params>
            <param index="0">
              <value>
                <![CDATA[[TestResult name=loginTest status=SUCCESS method=LoginTest.loginTest()[pri:0, instance:com.magic.web.tests.LoginTest@6d4b1c02] output={null}]]]>
              </value>
            </param>
          </params>
          <reporter-output>
          </reporter-output>
        </test-method> <!-- afterMethod -->
        <test-method status="PASS" signature="generateReport()[pri:0, instance:com.magic.web.tests.LoginTest@6d4b1c02]" name="generateReport" is-config="true" duration-ms="6596" started-at="2019-06-04T13:35:23Z" finished-at="2019-06-04T13:35:29Z">
          <reporter-output>
          </reporter-output>
        </test-method> <!-- generateReport -->
      </class> <!-- com.magic.web.tests.LoginTest -->
      <class name="com.magic.web.tests.HotelBookingTest">
        <test-method status="PASS" signature="searchHotelTest()[pri:1, instance:com.magic.web.tests.HotelBookingTest@6093dd95]" name="searchHotelTest" duration-ms="5851" started-at="2019-06-04T13:35:17Z" finished-at="2019-06-04T13:35:23Z">
          <reporter-output>
          </reporter-output>
        </test-method> <!-- searchHotelTest -->
        <test-method status="PASS" signature="afterMethod(org.testng.ITestResult)[pri:0, instance:com.magic.web.tests.HotelBookingTest@6093dd95]" name="afterMethod" is-config="true" duration-ms="0" started-at="2019-06-04T13:35:23Z" finished-at="2019-06-04T13:35:23Z">
          <params>
            <param index="0">
              <value>
                <![CDATA[[TestResult name=searchHotelTest status=SUCCESS method=HotelBookingTest.searchHotelTest()[pri:1, instance:com.magic.web.tests.HotelBookingTest@6093dd95] output={null}]]]>
              </value>
            </param>
          </params>
          <reporter-output>
          </reporter-output>
        </test-method> <!-- afterMethod -->
      </class> <!-- com.magic.web.tests.HotelBookingTest -->
    </test> <!-- Test -->
  </suite> <!-- Suite -->
</testng-results>
